{
  "RSpec": {
    "coverage": {
      "/Users/stevenchang/Desktop/full_stack_chang/app/models/blog_post.rb": [
        1,
        1,
        1,
        null
      ],
      "/Users/stevenchang/Desktop/full_stack_chang/app/models/project.rb": [
        1,
        1,
        1,
        null
      ],
      "/Users/stevenchang/Desktop/full_stack_chang/app/controllers/blog_posts_controller.rb": [
        1,
        1,
        null,
        1,
        3,
        0,
        null,
        null,
        null,
        3,
        null,
        null,
        3,
        2,
        null,
        null,
        3,
        null,
        0,
        null,
        null,
        3,
        null,
        null,
        null,
        3,
        null,
        null,
        1,
        0,
        0,
        0,
        null,
        null,
        0,
        null,
        0,
        0,
        null,
        null,
        0,
        0,
        null,
        null,
        0,
        0,
        null,
        0,
        null,
        null,
        null,
        null,
        null,
        null,
        1,
        0,
        null,
        0,
        null,
        null,
        1,
        null,
        1,
        0,
        null,
        null,
        null
      ],
      "/Users/stevenchang/Desktop/full_stack_chang/app/controllers/projects_controller.rb": [
        1,
        1,
        1,
        null,
        1,
        3,
        1,
        null,
        2,
        null,
        null,
        3,
        3,
        3,
        null,
        3,
        null,
        null,
        1,
        0,
        null,
        null,
        1,
        0,
        null,
        0,
        0,
        null,
        null,
        0,
        0,
        null,
        null,
        0,
        0,
        null,
        0,
        null,
        null,
        null,
        null,
        null,
        1,
        0,
        0,
        null,
        0,
        null,
        null,
        null,
        1,
        0,
        0,
        null,
        0,
        null,
        null,
        null,
        1,
        null,
        1,
        0,
        null,
        null,
        1,
        0,
        null,
        null,
        null
      ],
      "/Users/stevenchang/Desktop/full_stack_chang/app/serializers/project_serializer.rb": [
        1,
        1,
        null,
        1,
        null
      ],
      "/Users/stevenchang/Desktop/full_stack_chang/app/models/attachment.rb": [
        1,
        1,
        null,
        1,
        0,
        null,
        null,
        null,
        null,
        null,
        null,
        null,
        1,
        0,
        null,
        null,
        1,
        0,
        0,
        null,
        null
      ],
      "/Users/stevenchang/Desktop/full_stack_chang/app/serializers/blog_post_serializer.rb": [
        1,
        1,
        null,
        1,
        1,
        null
      ],
      "/Users/stevenchang/Desktop/full_stack_chang/app/models/tag.rb": [
        1,
        1,
        null
      ],
      "/Users/stevenchang/Desktop/full_stack_chang/app/mailers/application_mailer.rb": [
        0,
        0,
        0,
        0
      ],
      "/Users/stevenchang/Desktop/full_stack_chang/app/models/tranxaction_type.rb": [
        0,
        0,
        0,
        0
      ],
      "/Users/stevenchang/Desktop/full_stack_chang/app/models/score.rb": [
        0,
        0,
        0,
        0,
        null,
        0,
        0,
        null,
        0,
        0,
        0,
        null,
        0,
        0,
        0,
        0,
        0,
        null,
        0,
        0,
        0,
        0,
        0,
        null,
        0,
        0,
        0,
        0,
        0,
        null,
        0,
        0,
        0,
        null,
        0,
        0,
        0,
        null,
        0,
        0,
        0,
        0,
        null,
        0,
        0,
        null,
        0,
        0,
        0,
        0,
        0,
        0,
        0,
        0,
        null,
        0,
        0,
        null,
        0
      ],
      "/Users/stevenchang/Desktop/full_stack_chang/app/models/payment_summary.rb": [
        0,
        0,
        null,
        0,
        null,
        0,
        null,
        0,
        0,
        0,
        null,
        0,
        0,
        0,
        null,
        0
      ],
      "/Users/stevenchang/Desktop/full_stack_chang/app/models/tenancy_agreement.rb": [
        0,
        0,
        0,
        null,
        0,
        0,
        null,
        0,
        0,
        0,
        0
      ],
      "/Users/stevenchang/Desktop/full_stack_chang/app/models/tranxactable.rb": [
        0,
        0,
        0,
        0
      ],
      "/Users/stevenchang/Desktop/full_stack_chang/app/models/entry.rb": [
        0,
        0,
        0
      ],
      "/Users/stevenchang/Desktop/full_stack_chang/app/models/level.rb": [
        0,
        0,
        0
      ],
      "/Users/stevenchang/Desktop/full_stack_chang/app/models/cleaning_task.rb": [
        0,
        0
      ],
      "/Users/stevenchang/Desktop/full_stack_chang/app/models/cleaning_record.rb": [
        0,
        0,
        0,
        0
      ],
      "/Users/stevenchang/Desktop/full_stack_chang/app/models/creditor.rb": [
        0,
        0
      ],
      "/Users/stevenchang/Desktop/full_stack_chang/app/models/aim.rb": [
        0,
        0,
        null,
        0,
        null,
        0,
        0,
        0,
        null,
        0,
        0,
        0,
        0,
        0
      ],
      "/Users/stevenchang/Desktop/full_stack_chang/app/models/tax_category.rb": [
        0,
        0,
        null,
        0,
        0
      ],
      "/Users/stevenchang/Desktop/full_stack_chang/app/models/job.rb": [
        0,
        0,
        0
      ],
      "/Users/stevenchang/Desktop/full_stack_chang/app/models/tranxaction.rb": [
        0,
        0,
        0,
        0,
        null,
        0,
        0,
        0,
        null,
        0,
        0,
        0,
        0,
        0,
        0,
        0,
        0,
        0
      ],
      "/Users/stevenchang/Desktop/full_stack_chang/app/models/rent_transaction.rb": [
        0,
        null,
        0,
        0,
        0,
        0,
        0,
        0,
        0,
        0,
        null,
        0,
        0,
        0,
        null,
        0
      ],
      "/Users/stevenchang/Desktop/full_stack_chang/app/models/client.rb": [
        0,
        0,
        0,
        null,
        0,
        0,
        null,
        0,
        0
      ],
      "/Users/stevenchang/Desktop/full_stack_chang/app/models/line.rb": [
        0,
        0,
        0
      ],
      "/Users/stevenchang/Desktop/full_stack_chang/app/models/property.rb": [
        0,
        0,
        null,
        0,
        0,
        0,
        0
      ],
      "/Users/stevenchang/Desktop/full_stack_chang/app/models/application_record.rb": [
        0,
        0,
        0
      ],
      "/Users/stevenchang/Desktop/full_stack_chang/app/models/user.rb": [
        0,
        null,
        null,
        0,
        0,
        null,
        0,
        0,
        0,
        0,
        0,
        null,
        0,
        0,
        0,
        0,
        0,
        0,
        0,
        null,
        0,
        0,
        0,
        0,
        0,
        0,
        0,
        0,
        0,
        null,
        0
      ],
      "/Users/stevenchang/Desktop/full_stack_chang/app/serializers/tax_category_serializer.rb": [
        0,
        0,
        0
      ],
      "/Users/stevenchang/Desktop/full_stack_chang/app/serializers/tranxaction_type_serializer.rb": [
        0,
        0,
        0
      ],
      "/Users/stevenchang/Desktop/full_stack_chang/app/serializers/user_serializer.rb": [
        0,
        0,
        0
      ],
      "/Users/stevenchang/Desktop/full_stack_chang/app/serializers/tenancy_agreement_serializer.rb": [
        0,
        0,
        null,
        0,
        0,
        0
      ],
      "/Users/stevenchang/Desktop/full_stack_chang/app/serializers/client_serializer.rb": [
        0,
        0,
        0
      ],
      "/Users/stevenchang/Desktop/full_stack_chang/app/serializers/payment_summary_serializer.rb": [
        0,
        0,
        null,
        0,
        0
      ],
      "/Users/stevenchang/Desktop/full_stack_chang/app/serializers/cleaning_task_serializer.rb": [
        0,
        0,
        0
      ],
      "/Users/stevenchang/Desktop/full_stack_chang/app/serializers/attachment_serializer.rb": [
        0,
        0,
        0
      ],
      "/Users/stevenchang/Desktop/full_stack_chang/app/serializers/aim_serializer.rb": [
        0,
        0,
        0
      ],
      "/Users/stevenchang/Desktop/full_stack_chang/app/serializers/property_serializer.rb": [
        0,
        0,
        null,
        0,
        0
      ],
      "/Users/stevenchang/Desktop/full_stack_chang/app/serializers/job_serializer.rb": [
        0,
        0,
        null,
        0,
        0
      ],
      "/Users/stevenchang/Desktop/full_stack_chang/app/serializers/entry_serializer.rb": [
        0,
        0,
        null,
        0,
        0
      ],
      "/Users/stevenchang/Desktop/full_stack_chang/app/serializers/tranxaction_serializer.rb": [
        0,
        0,
        null,
        0,
        0,
        0
      ],
      "/Users/stevenchang/Desktop/full_stack_chang/app/serializers/creditor_serializer.rb": [
        0,
        0,
        0
      ],
      "/Users/stevenchang/Desktop/full_stack_chang/app/serializers/cleaning_record_serializer.rb": [
        0,
        0,
        null,
        0,
        0,
        0
      ],
      "/Users/stevenchang/Desktop/full_stack_chang/app/jobs/application_job.rb": [
        0,
        0
      ],
      "/Users/stevenchang/Desktop/full_stack_chang/app/controllers/jobs_controller.rb": [
        0,
        0,
        0,
        null,
        null,
        null,
        0,
        0,
        null,
        0,
        0,
        0,
        null,
        0,
        0,
        null,
        null,
        null,
        0,
        0,
        null,
        null,
        0,
        0,
        0,
        null,
        null,
        0,
        0,
        null,
        null,
        null,
        0,
        0,
        null,
        0,
        0,
        0,
        0,
        0,
        0,
        null,
        null,
        null,
        0,
        0,
        0,
        0,
        0,
        0,
        0,
        0,
        0,
        0,
        0,
        null,
        null,
        null,
        0,
        0,
        0,
        0,
        0,
        0,
        0,
        null,
        0,
        0,
        null,
        0,
        null,
        0,
        0,
        null,
        0,
        null,
        0,
        0,
        0,
        null,
        null,
        0,
        0,
        0,
        0
      ],
      "/Users/stevenchang/Desktop/full_stack_chang/app/controllers/attachments_controller.rb": [
        0,
        0,
        0,
        0,
        null,
        null,
        null,
        0,
        0,
        0,
        null,
        null,
        0,
        0,
        0,
        null,
        null,
        0,
        0,
        null,
        null,
        null,
        0,
        0,
        null,
        0,
        0,
        0,
        0,
        0,
        0,
        0,
        0,
        0,
        0,
        null,
        null,
        null,
        0,
        0,
        0,
        0,
        0,
        0,
        0,
        0,
        0,
        0,
        0,
        null,
        null,
        null,
        0,
        0,
        0,
        0,
        0,
        0,
        0,
        null,
        0,
        0,
        0,
        0,
        0,
        0,
        null,
        0,
        0,
        null,
        0,
        0,
        0,
        0,
        0,
        0,
        0,
        0,
        0,
        null,
        0,
        null,
        0,
        0,
        0,
        null,
        null,
        0,
        0,
        0,
        0
      ],
      "/Users/stevenchang/Desktop/full_stack_chang/app/controllers/application_controller.rb": [
        0,
        0,
        0,
        0,
        null,
        0,
        null,
        0,
        0,
        0,
        null,
        0,
        null,
        0,
        0,
        0,
        0,
        0,
        null,
        0,
        0,
        0,
        0
      ],
      "/Users/stevenchang/Desktop/full_stack_chang/app/controllers/tranxaction_types_controller.rb": [
        0,
        0,
        0,
        null,
        0,
        0,
        null,
        0,
        0,
        null,
        0,
        0,
        0,
        0,
        0,
        0,
        0,
        0,
        null,
        0,
        null,
        0,
        0,
        0,
        0
      ],
      "/Users/stevenchang/Desktop/full_stack_chang/app/controllers/cleaning_tasks_controller.rb": [
        0,
        0,
        null,
        0,
        null,
        0,
        0,
        null,
        0,
        0,
        0,
        0,
        0,
        0,
        0,
        null,
        0,
        0,
        0,
        0,
        0,
        0,
        0,
        0,
        0,
        0,
        null,
        0,
        0,
        null,
        0,
        0,
        null,
        0,
        null,
        0,
        0,
        0,
        null,
        0,
        0,
        0,
        0
      ],
      "/Users/stevenchang/Desktop/full_stack_chang/app/controllers/tax_categories_controller.rb": [
        0,
        0,
        0,
        null,
        null,
        null,
        0,
        0,
        0,
        0,
        0,
        0,
        null,
        0,
        0,
        null,
        null,
        null,
        0,
        0,
        0,
        null,
        null,
        null,
        0,
        0,
        null,
        0,
        0,
        0,
        0,
        0,
        0,
        null,
        null,
        null,
        0,
        0,
        0,
        0,
        0,
        0,
        0,
        0,
        0,
        0,
        0,
        null,
        null,
        null,
        0,
        0,
        0,
        0,
        0,
        0,
        null,
        0,
        null,
        0,
        0,
        0,
        null,
        null,
        0,
        0,
        0,
        0
      ],
      "/Users/stevenchang/Desktop/full_stack_chang/app/controllers/aims_controller.rb": [
        0,
        0,
        null,
        null,
        null,
        0,
        0,
        null,
        0,
        0,
        null,
        null,
        null,
        0,
        0,
        0,
        null,
        null,
        0,
        0,
        0,
        null,
        null,
        0,
        0,
        null,
        null,
        null,
        0,
        0,
        null,
        0,
        0,
        0,
        0,
        0,
        0,
        null,
        null,
        null,
        0,
        0,
        0,
        0,
        0,
        0,
        0,
        0,
        0,
        0,
        0,
        null,
        null,
        null,
        0,
        0,
        0,
        0,
        0,
        0,
        0,
        null,
        0,
        null,
        0,
        0,
        0,
        null,
        null,
        0,
        0,
        0,
        0
      ],
      "/Users/stevenchang/Desktop/full_stack_chang/app/controllers/tenancy_agreements_controller.rb": [
        0,
        0,
        null,
        null,
        null,
        0,
        0,
        0,
        0,
        0,
        0,
        null,
        0,
        0,
        0,
        null,
        0,
        0,
        null,
        null,
        null,
        0,
        0,
        0,
        null,
        null,
        0,
        0,
        0,
        null,
        null,
        0,
        0,
        null,
        null,
        null,
        0,
        0,
        null,
        0,
        0,
        0,
        0,
        0,
        0,
        null,
        null,
        null,
        0,
        0,
        0,
        0,
        0,
        0,
        0,
        null,
        null,
        null,
        0,
        0,
        0,
        0,
        0,
        0,
        0,
        null,
        0,
        0,
        0,
        0,
        0,
        0,
        null,
        0,
        0,
        null,
        0,
        null,
        0,
        0,
        0,
        null,
        null,
        0,
        0,
        0,
        0
      ],
      "/Users/stevenchang/Desktop/full_stack_chang/app/controllers/creditors_controller.rb": [
        0,
        0,
        null,
        null,
        null,
        0,
        0,
        0,
        null,
        null,
        null,
        0,
        0,
        null,
        null,
        0,
        0,
        0,
        null,
        null,
        0,
        0,
        null,
        null,
        null,
        0,
        0,
        null,
        0,
        0,
        0,
        0,
        0,
        0,
        0,
        0,
        0,
        0,
        null,
        null,
        null,
        0,
        0,
        0,
        0,
        0,
        0,
        0,
        0,
        0,
        0,
        0,
        null,
        null,
        null,
        0,
        0,
        0,
        0,
        0,
        0,
        0,
        null,
        0,
        null,
        0,
        0,
        0,
        null,
        null,
        0,
        0,
        0,
        0
      ],
      "/Users/stevenchang/Desktop/full_stack_chang/app/controllers/payment_summaries_controller.rb": [
        0,
        0,
        null,
        null,
        null,
        0,
        0,
        0,
        0,
        0,
        0,
        0,
        0,
        null,
        0,
        0,
        null,
        null,
        null,
        0,
        0,
        0,
        null,
        null,
        0,
        0,
        0,
        null,
        null,
        0,
        0,
        null,
        null,
        null,
        0,
        0,
        0,
        0,
        null,
        0,
        0,
        0,
        0,
        null,
        0,
        0,
        0,
        0,
        0,
        0,
        null,
        null,
        null,
        0,
        0,
        0,
        0,
        0,
        0,
        0,
        0,
        0,
        0,
        0,
        null,
        null,
        null,
        0,
        0,
        0,
        0,
        0,
        0,
        0,
        null,
        0,
        0,
        0,
        null,
        0,
        null,
        0,
        0,
        0,
        null,
        null,
        0,
        0,
        0,
        0
      ],
      "/Users/stevenchang/Desktop/full_stack_chang/app/controllers/clients_controller.rb": [
        0,
        0,
        0,
        0,
        null,
        null,
        null,
        0,
        0,
        0,
        0,
        null,
        0,
        0,
        null,
        null,
        null,
        0,
        0,
        0,
        null,
        null,
        0,
        0,
        0,
        null,
        null,
        0,
        0,
        null,
        null,
        null,
        0,
        0,
        null,
        0,
        0,
        0,
        0,
        0,
        0,
        0,
        0,
        null,
        null,
        null,
        0,
        0,
        0,
        0,
        0,
        0,
        0,
        0,
        0,
        null,
        0,
        0,
        0,
        0,
        null,
        0,
        0,
        0,
        0,
        null,
        null,
        0,
        0,
        0,
        null,
        null,
        0,
        0,
        0,
        0
      ],
      "/Users/stevenchang/Desktop/full_stack_chang/app/controllers/tranxactions_controller.rb": [
        0,
        0,
        0,
        0,
        null,
        0,
        0,
        0,
        0,
        0,
        0,
        null,
        0,
        0,
        0,
        null,
        0,
        0,
        null,
        0,
        0,
        0,
        null,
        0,
        0,
        0,
        0,
        0,
        0,
        0,
        null,
        0,
        0,
        0,
        0,
        null,
        0,
        0,
        0,
        0,
        0,
        0,
        null,
        0,
        0,
        0,
        0,
        0,
        0,
        0,
        null,
        0,
        0,
        0,
        0,
        0,
        0,
        0,
        null,
        0,
        0,
        0,
        0,
        0,
        0,
        0,
        null,
        0,
        0,
        0,
        0,
        0,
        null,
        0,
        0,
        0,
        0,
        null,
        0,
        0,
        0,
        null,
        0,
        0,
        0,
        0,
        null,
        0,
        null,
        0,
        0,
        null,
        0,
        null,
        0,
        0,
        0,
        null,
        0,
        0,
        0,
        0
      ],
      "/Users/stevenchang/Desktop/full_stack_chang/app/controllers/entries_controller.rb": [
        0,
        0,
        null,
        null,
        null,
        0,
        0,
        0,
        null,
        0,
        null,
        null,
        0,
        0,
        0,
        0,
        0,
        0,
        0,
        0,
        0,
        0,
        0,
        0,
        0,
        0,
        0,
        0,
        0,
        0,
        0,
        null,
        0,
        0,
        0,
        0,
        0,
        null,
        0,
        0,
        null,
        null,
        null,
        0,
        0,
        null,
        null,
        0,
        0,
        0,
        null,
        null,
        0,
        0,
        null,
        null,
        null,
        0,
        0,
        null,
        0,
        0,
        0,
        0,
        0,
        0,
        null,
        null,
        null,
        0,
        0,
        0,
        0,
        0,
        0,
        0,
        0,
        0,
        null,
        null,
        null,
        0,
        0,
        0,
        0,
        0,
        0,
        0,
        null,
        0,
        null,
        0,
        0,
        0,
        null,
        null,
        0,
        0,
        0,
        0
      ],
      "/Users/stevenchang/Desktop/full_stack_chang/app/controllers/users_controller.rb": [
        0,
        null,
        0,
        0,
        0,
        null,
        0,
        0,
        0,
        null,
        0,
        0,
        0,
        0,
        null,
        0,
        0,
        0,
        0,
        0,
        0,
        0,
        null,
        0,
        0,
        0,
        0,
        null,
        0,
        0,
        0,
        null,
        0,
        0,
        0,
        0,
        0,
        0,
        0,
        null,
        0,
        0,
        0,
        null,
        0,
        0,
        0,
        0,
        0,
        0,
        0,
        null,
        0,
        0,
        0,
        0,
        0,
        0,
        null,
        0,
        0,
        0,
        0,
        0,
        0,
        0,
        null,
        0
      ],
      "/Users/stevenchang/Desktop/full_stack_chang/app/controllers/properties_controller.rb": [
        0,
        0,
        null,
        null,
        null,
        0,
        0,
        null,
        0,
        0,
        null,
        null,
        null,
        0,
        0,
        0,
        null,
        null,
        0,
        0,
        0,
        null,
        null,
        0,
        0,
        null,
        null,
        null,
        0,
        0,
        null,
        0,
        0,
        0,
        0,
        0,
        0,
        null,
        null,
        null,
        0,
        0,
        0,
        0,
        0,
        0,
        0,
        0,
        0,
        0,
        0,
        null,
        null,
        null,
        0,
        0,
        0,
        0,
        0,
        0,
        0,
        null,
        0,
        null,
        0,
        0,
        0,
        null,
        null,
        0,
        0,
        0,
        0
      ],
      "/Users/stevenchang/Desktop/full_stack_chang/app/controllers/users/omniauth_callbacks_controller.rb": [
        null,
        null,
        0,
        null,
        null,
        null,
        null,
        null,
        null,
        null,
        null,
        null,
        null,
        null,
        null,
        null,
        null,
        null,
        null,
        null,
        null,
        null,
        null,
        null,
        null,
        null,
        null,
        null,
        null,
        0
      ],
      "/Users/stevenchang/Desktop/full_stack_chang/app/controllers/users/passwords_controller.rb": [
        null,
        null,
        0,
        null,
        null,
        null,
        null,
        null,
        null,
        null,
        null,
        null,
        null,
        null,
        null,
        null,
        null,
        null,
        null,
        null,
        null,
        null,
        null,
        null,
        null,
        null,
        null,
        null,
        null,
        null,
        null,
        null,
        null,
        0
      ],
      "/Users/stevenchang/Desktop/full_stack_chang/app/controllers/users/sessions_controller.rb": [
        null,
        null,
        0,
        null,
        null,
        null,
        null,
        null,
        null,
        null,
        null,
        null,
        null,
        null,
        null,
        null,
        null,
        null,
        null,
        null,
        null,
        null,
        null,
        null,
        null,
        null,
        0
      ],
      "/Users/stevenchang/Desktop/full_stack_chang/app/controllers/users/unlocks_controller.rb": [
        null,
        null,
        0,
        null,
        null,
        null,
        null,
        null,
        null,
        null,
        null,
        null,
        null,
        null,
        null,
        null,
        null,
        null,
        null,
        null,
        null,
        null,
        null,
        null,
        null,
        null,
        null,
        null,
        null,
        0
      ],
      "/Users/stevenchang/Desktop/full_stack_chang/app/controllers/users/confirmations_controller.rb": [
        null,
        null,
        0,
        null,
        null,
        null,
        null,
        null,
        null,
        null,
        null,
        null,
        null,
        null,
        null,
        null,
        null,
        null,
        null,
        null,
        null,
        null,
        null,
        null,
        null,
        null,
        null,
        null,
        null,
        0
      ],
      "/Users/stevenchang/Desktop/full_stack_chang/app/controllers/users/registrations_controller.rb": [
        null,
        null,
        0,
        null,
        null,
        null,
        null,
        null,
        null,
        null,
        null,
        null,
        0,
        0,
        0,
        0,
        0,
        0,
        0,
        0,
        null,
        null,
        null,
        null,
        null,
        null,
        null,
        null,
        null,
        null,
        null,
        null,
        null,
        null,
        null,
        null,
        null,
        null,
        null,
        null,
        null,
        null,
        null,
        null,
        null,
        null,
        null,
        null,
        null,
        null,
        null,
        null,
        null,
        null,
        null,
        null,
        null,
        null,
        null,
        null,
        null,
        null,
        null,
        null,
        null,
        null,
        0
      ],
      "/Users/stevenchang/Desktop/full_stack_chang/app/controllers/cleaning_records_controller.rb": [
        0,
        0,
        null,
        0,
        null,
        0,
        0,
        null,
        0,
        0,
        0,
        0,
        0,
        0,
        0,
        null,
        0,
        0,
        0,
        0,
        0,
        0,
        0,
        0,
        0,
        0,
        null,
        0,
        0,
        null,
        0,
        0,
        null,
        0,
        null,
        0,
        0,
        0,
        null,
        0,
        0,
        0,
        0
      ],
      "/Users/stevenchang/Desktop/full_stack_chang/app/controllers/scores_controller.rb": [
        0,
        0,
        null,
        null,
        null,
        null,
        0,
        0,
        null,
        0,
        0,
        0,
        0,
        null,
        0,
        0,
        0,
        0,
        0,
        null,
        0,
        0,
        null,
        0,
        null,
        0,
        0,
        0,
        null,
        0
      ],
      "/Users/stevenchang/Desktop/full_stack_chang/app/controllers/rent_transactions_controller.rb": [
        0,
        0,
        null,
        0,
        null,
        0,
        0,
        0,
        null,
        0,
        0,
        0,
        0,
        0,
        0,
        0,
        null,
        0,
        0,
        0,
        0,
        0,
        0,
        0,
        0,
        0,
        0,
        null,
        0,
        0,
        null,
        0,
        0,
        null,
        0,
        0,
        null,
        0,
        null,
        0,
        0,
        0,
        null,
        0,
        0,
        0,
        0
      ],
      "/Users/stevenchang/Desktop/full_stack_chang/app/helpers/payment_summaries_helper.rb": [
        0,
        0
      ],
      "/Users/stevenchang/Desktop/full_stack_chang/app/helpers/projects_helper.rb": [
        0,
        0
      ],
      "/Users/stevenchang/Desktop/full_stack_chang/app/helpers/tranxactions_helper.rb": [
        0,
        0
      ],
      "/Users/stevenchang/Desktop/full_stack_chang/app/helpers/rake_helper.rb": [
        0,
        0
      ],
      "/Users/stevenchang/Desktop/full_stack_chang/app/helpers/entries_helper.rb": [
        0,
        0
      ],
      "/Users/stevenchang/Desktop/full_stack_chang/app/helpers/blog_posts_helper.rb": [
        0,
        0
      ],
      "/Users/stevenchang/Desktop/full_stack_chang/app/helpers/tags_helper.rb": [
        0,
        0
      ],
      "/Users/stevenchang/Desktop/full_stack_chang/app/helpers/attachments_helper.rb": [
        0,
        0
      ],
      "/Users/stevenchang/Desktop/full_stack_chang/app/helpers/tenancy_agreements_helper.rb": [
        0,
        0
      ],
      "/Users/stevenchang/Desktop/full_stack_chang/app/helpers/properties_helper.rb": [
        0,
        0
      ],
      "/Users/stevenchang/Desktop/full_stack_chang/app/helpers/tax_categories_helper.rb": [
        0,
        0
      ],
      "/Users/stevenchang/Desktop/full_stack_chang/app/helpers/users_helper.rb": [
        0,
        0
      ],
      "/Users/stevenchang/Desktop/full_stack_chang/app/helpers/clients_helper.rb": [
        0,
        0
      ],
      "/Users/stevenchang/Desktop/full_stack_chang/app/helpers/jobs_helper.rb": [
        0,
        0
      ],
      "/Users/stevenchang/Desktop/full_stack_chang/app/helpers/creditors_helper.rb": [
        0,
        0
      ],
      "/Users/stevenchang/Desktop/full_stack_chang/app/helpers/aims_helper.rb": [
        0,
        0
      ],
      "/Users/stevenchang/Desktop/full_stack_chang/app/helpers/scores_helper.rb": [
        0,
        0
      ],
      "/Users/stevenchang/Desktop/full_stack_chang/app/helpers/application_helper.rb": [
        0,
        0
      ],
      "/Users/stevenchang/Desktop/full_stack_chang/lib/task_helpers/gambling_helper.rb": [
        null,
        null,
        null,
        0,
        0,
        0,
        0,
        0,
        0,
        0,
        0,
        0,
        0,
        0,
        0,
        0,
        0,
        0,
        null,
        0,
        0,
        0,
        0,
        0,
        0,
        0,
        0,
        0,
        0,
        null,
        0,
        0,
        0,
        0,
        0,
        0,
        0,
        0,
        0,
        0
      ],
      "/Users/stevenchang/Desktop/full_stack_chang/lib/task_helpers/email_helper.rb": [
        0,
        null,
        0,
        0,
        null,
        0,
        0,
        0,
        0,
        0,
        0,
        null,
        0,
        0,
        null,
        0,
        0,
        0,
        0,
        0
      ]
    },
    "timestamp": 1549851870
  }
}
